# JRE version: Java(TM) SE Runtime Environment (8.0_60-b27) (build 1.8.0_60-b27)
# Java VM: Java HotSpot(TM) 64-Bit Server VM (25.60-b23 mixed mode windows-amd64 compressed oops)
Heap:
 PSYoungGen      total 195072K, used 169455K [0x00000000d5e00000, 0x00000000e5300000, 0x0000000100000000)
  eden space 181248K, 93% used [0x00000000d5e00000,0x00000000e037bff8,0x00000000e0f00000)
  from space 13824K, 0% used [0x00000000e1d80000,0x00000000e1d80000,0x00000000e2b00000)
  to   space 14848K, 0% used [0x00000000e0f00000,0x00000000e0f00000,0x00000000e1d80000)
 ParOldGen       total 92160K, used 21118K [0x0000000081a00000, 0x0000000087400000, 0x00000000d5e00000)
  object space 92160K, 22% used [0x0000000081a00000,0x0000000082e9fa88,0x0000000087400000)
 Metaspace       used 43165K, capacity 43624K, committed 43864K, reserved 1087488K
  class space    used 5584K, capacity 5689K, committed 5720K, reserved 1048576K
GC Heap History (10 events):
Event: 3.728 GC heap before
{Heap before GC invocations=6 (full 1):
 PSYoungGen      total 71680K, used 5090K [0x00000000d5e00000, 0x00000000df200000, 0x0000000100000000)
  eden space 66560K, 0% used [0x00000000d5e00000,0x00000000d5e00000,0x00000000d9f00000)
  from space 5120K, 99% used [0x00000000d9f00000,0x00000000da3f8bb0,0x00000000da400000)
  to   space 9216K, 0% used [0x00000000de900000,0x00000000de900000,0x00000000df200000)
 ParOldGen       total 87552K, used 9957K [0x0000000081a00000, 0x0000000086f80000, 0x00000000d5e00000)
  object space 87552K, 11% used [0x0000000081a00000,0x00000000823b9530,0x0000000086f80000)
 Metaspace       used 20844K, capacity 21160K, committed 21248K, reserved 1067008K
  class space    used 2667K, capacity 2775K, committed 2816K, reserved 1048576K
Event: 3.775 GC heap after
Heap after GC invocations=6 (full 1):
 PSYoungGen      total 71680K, used 0K [0x00000000d5e00000, 0x00000000df200000, 0x0000000100000000)
  eden space 66560K, 0% used [0x00000000d5e00000,0x00000000d5e00000,0x00000000d9f00000)
  from space 5120K, 0% used [0x00000000d9f00000,0x00000000d9f00000,0x00000000da400000)
  to   space 9216K, 0% used [0x00000000de900000,0x00000000de900000,0x00000000df200000)
 ParOldGen       total 56320K, used 7922K [0x0000000081a00000, 0x0000000085100000, 0x00000000d5e00000)
  object space 56320K, 14% used [0x0000000081a00000,0x00000000821bca58,0x0000000085100000)
 Metaspace       used 20844K, capacity 21160K, committed 21248K, reserved 1067008K
  class space    used 2667K, capacity 2775K, committed 2816K, reserved 1048576K
}
Event: 4.192 GC heap before
{Heap before GC invocations=7 (full 1):
 PSYoungGen      total 71680K, used 66525K [0x00000000d5e00000, 0x00000000df200000, 0x0000000100000000)
  eden space 66560K, 99% used [0x00000000d5e00000,0x00000000d9ef7650,0x00000000d9f00000)
  from space 5120K, 0% used [0x00000000d9f00000,0x00000000d9f00000,0x00000000da400000)
  to   space 9216K, 0% used [0x00000000de900000,0x00000000de900000,0x00000000df200000)
 ParOldGen       total 56320K, used 7922K [0x0000000081a00000, 0x0000000085100000, 0x00000000d5e00000)
  object space 56320K, 14% used [0x0000000081a00000,0x00000000821bca58,0x0000000085100000)
 Metaspace       used 24414K, capacity 24816K, committed 25088K, reserved 1071104K
  class space    used 3132K, capacity 3235K, committed 3328K, reserved 1048576K
Event: 4.199 GC heap after
Heap after GC invocations=7 (full 1):
 PSYoungGen      total 120320K, used 8793K [0x00000000d5e00000, 0x00000000df200000, 0x0000000100000000)
  eden space 111104K, 0% used [0x00000000d5e00000,0x00000000d5e00000,0x00000000dca80000)
  from space 9216K, 95% used [0x00000000de900000,0x00000000df196638,0x00000000df200000)
  to   space 9728K, 0% used [0x00000000ddf00000,0x00000000ddf00000,0x00000000de880000)
 ParOldGen       total 56320K, used 7930K [0x0000000081a00000, 0x0000000085100000, 0x00000000d5e00000)
  object space 56320K, 14% used [0x0000000081a00000,0x00000000821bea58,0x0000000085100000)
 Metaspace       used 24414K, capacity 24816K, committed 25088K, reserved 1071104K
  class space    used 3132K, capacity 3235K, committed 3328K, reserved 1048576K
}
Event: 5.108 GC heap before
{Heap before GC invocations=8 (full 1):
 PSYoungGen      total 120320K, used 119897K [0x00000000d5e00000, 0x00000000df200000, 0x0000000100000000)
  eden space 111104K, 100% used [0x00000000d5e00000,0x00000000dca80000,0x00000000dca80000)
  from space 9216K, 95% used [0x00000000de900000,0x00000000df196638,0x00000000df200000)
  to   space 9728K, 0% used [0x00000000ddf00000,0x00000000ddf00000,0x00000000de880000)
 ParOldGen       total 56320K, used 7930K [0x0000000081a00000, 0x0000000085100000, 0x00000000d5e00000)
  object space 56320K, 14% used [0x0000000081a00000,0x00000000821bea58,0x0000000085100000)
 Metaspace       used 31466K, capacity 31804K, committed 32128K, reserved 1077248K
  class space    used 4040K, capacity 4133K, committed 4224K, reserved 1048576K
Event: 5.122 GC heap after
Heap after GC invocations=8 (full 1):
 PSYoungGen      total 141824K, used 9723K [0x00000000d5e00000, 0x00000000e2b00000, 0x0000000100000000)
  eden space 132096K, 0% used [0x00000000d5e00000,0x00000000d5e00000,0x00000000ddf00000)
  from space 9728K, 99% used [0x00000000ddf00000,0x00000000de87ed18,0x00000000de880000)
  to   space 13824K, 0% used [0x00000000e1d80000,0x00000000e1d80000,0x00000000e2b00000)
 ParOldGen       total 56320K, used 13617K [0x0000000081a00000, 0x0000000085100000, 0x00000000d5e00000)
  object space 56320K, 24% used [0x0000000081a00000,0x000000008274c460,0x0000000085100000)
 Metaspace       used 31466K, capacity 31804K, committed 32128K, reserved 1077248K
  class space    used 4040K, capacity 4133K, committed 4224K, reserved 1048576K
}
Event: 5.408 GC heap before
{Heap before GC invocations=9 (full 1):
 PSYoungGen      total 141824K, used 42385K [0x00000000d5e00000, 0x00000000e2b00000, 0x0000000100000000)
  eden space 132096K, 24% used [0x00000000d5e00000,0x00000000d7de5820,0x00000000ddf00000)
  from space 9728K, 99% used [0x00000000ddf00000,0x00000000de87ed18,0x00000000de880000)
  to   space 13824K, 0% used [0x00000000e1d80000,0x00000000e1d80000,0x00000000e2b00000)
 ParOldGen       total 56320K, used 13617K [0x0000000081a00000, 0x0000000085100000, 0x00000000d5e00000)
  object space 56320K, 24% used [0x0000000081a00000,0x000000008274c460,0x0000000085100000)
 Metaspace       used 34915K, capacity 35292K, committed 35416K, reserved 1079296K
  class space    used 4507K, capacity 4613K, committed 4696K, reserved 1048576K
Event: 5.420 GC heap after
Heap after GC invocations=9 (full 1):
 PSYoungGen      total 195072K, used 13222K [0x00000000d5e00000, 0x00000000e5300000, 0x0000000100000000)
  eden space 181248K, 0% used [0x00000000d5e00000,0x00000000d5e00000,0x00000000e0f00000)
  from space 13824K, 95% used [0x00000000e1d80000,0x00000000e2a69858,0x00000000e2b00000)
  to   space 14848K, 0% used [0x00000000e0f00000,0x00000000e0f00000,0x00000000e1d80000)
 ParOldGen       total 56320K, used 13633K [0x0000000081a00000, 0x0000000085100000, 0x00000000d5e00000)
  object space 56320K, 24% used [0x0000000081a00000,0x0000000082750470,0x0000000085100000)
 Metaspace       used 34915K, capacity 35292K, committed 35416K, reserved 1079296K
  class space    used 4507K, capacity 4613K, committed 4696K, reserved 1048576K
}
Event: 5.420 GC heap before
{Heap before GC invocations=10 (full 2):
 PSYoungGen      total 195072K, used 13222K [0x00000000d5e00000, 0x00000000e5300000, 0x0000000100000000)
  eden space 181248K, 0% used [0x00000000d5e00000,0x00000000d5e00000,0x00000000e0f00000)
  from space 13824K, 95% used [0x00000000e1d80000,0x00000000e2a69858,0x00000000e2b00000)
  to   space 14848K, 0% used [0x00000000e0f00000,0x00000000e0f00000,0x00000000e1d80000)
 ParOldGen       total 56320K, used 13633K [0x0000000081a00000, 0x0000000085100000, 0x00000000d5e00000)
  object space 56320K, 24% used [0x0000000081a00000,0x0000000082750470,0x0000000085100000)
 Metaspace       used 34915K, capacity 35292K, committed 35416K, reserved 1079296K
  class space    used 4507K, capacity 4613K, committed 4696K, reserved 1048576K
Event: 5.475 GC heap after
Heap after GC invocations=10 (full 2):
 PSYoungGen      total 195072K, used 0K [0x00000000d5e00000, 0x00000000e5300000, 0x0000000100000000)
  eden space 181248K, 0% used [0x00000000d5e00000,0x00000000d5e00000,0x00000000e0f00000)
  from space 13824K, 0% used [0x00000000e1d80000,0x00000000e1d80000,0x00000000e2b00000)
  to   space 14848K, 0% used [0x00000000e0f00000,0x00000000e0f00000,0x00000000e1d80000)
 ParOldGen       total 92160K, used 21118K [0x0000000081a00000, 0x0000000087400000, 0x00000000d5e00000)
  object space 92160K, 22% used [0x0000000081a00000,0x0000000082e9fa88,0x0000000087400000)
 Metaspace       used 34915K, capacity 35292K, committed 35416K, reserved 1079296K
  class space    used 4507K, capacity 4613K, committed 4696K, reserved 1048576K
}

